proguard.cfg

-dontpreverify
-repackageclasses ''
-allowaccessmodification
-optimizations !code/simplification/arithmetic
-keepattributes *Annotation*
-dontwarn android.support.**

-keep public class * extends android.app.Activity
-keep public class * extends android.app.Application
-keep public class * extends android.app.Service
-keep public class * extends android.content.BroadcastReceiver
-keep public class * extends android.content.ContentProvider
-keep public class * extends android.preference.Preference
-keep public class * extends android.preference.PreferenceFragment
-keep public class * extends android.app.backup.BackupAgentHelper
-keep public class com.android.vending.licensing.ILicensingService 

-keep public class * extends android.view.View {
    public <init>(android.content.Context);
    public <init>(android.content.Context, android.util.AttributeSet);
    public <init>(android.content.Context, android.util.AttributeSet, int);
    public void set*(...);
}

-keepclasseswithmembers class * {
    public <init>(android.content.Context, android.util.AttributeSet);
}

-keepclasseswithmembers class * {
    public <init>(android.content.Context, android.util.AttributeSet, int);
}

-keepclassmembers class * implements android.os.Parcelable {
    static android.os.Parcelable$Creator CREATOR;
}

-keepclassmembers class **.R$* {
    public static <fields>;
}

-keepclasseswithmembernames class * {
    native <methods>;
}

-keep class io.vov.vitamio.** { *; }
# -keep class io.vov.utils.** { *; }

# -keepclassmembers class * extends android.app.Activity {
   # public void *(android.view.View);
# }
 
# -keepclassmembers enum * {
    # public static **[] values();
    # public static ** valueOf(java.lang.String);
# }
 
# -keep class * implements android.os.Parcelable {
  # public static final android.os.Parcelable$Creator *;
# }