proguard/seeds.txt
ustc.newsvideo.MainActivity
ustc.newsvideo.MainActivity: MainActivity()
ustc.newsvideo.MyApplication
ustc.newsvideo.PlayerActivity
ustc.newsvideo.PlayerActivity: PlayerActivity()
ustc.newsvideo.R$anim: int abc_fade_in
ustc.newsvideo.R$anim: int abc_fade_out
ustc.newsvideo.R$anim: int abc_slide_in_bottom
ustc.newsvideo.R$anim: int abc_slide_in_top
ustc.newsvideo.R$anim: int abc_slide_out_bottom
ustc.newsvideo.R$anim: int abc_slide_out_top
ustc.newsvideo.R$array: int category_entry
ustc.newsvideo.R$array: int category_value
ustc.newsvideo.R$attr: int actionBarDivider
ustc.newsvideo.R$attr: int actionBarItemBackground
ustc.newsvideo.R$attr: int actionBarSize
ustc.newsvideo.R$attr: int actionBarSplitStyle
ustc.newsvideo.R$attr: int actionBarStyle
ustc.newsvideo.R$attr: int actionBarTabBarStyle
ustc.newsvideo.R$attr: int actionBarTabStyle
ustc.newsvideo.R$attr: int actionBarTabTextStyle
ustc.newsvideo.R$attr: int actionBarWidgetTheme
ustc.newsvideo.R$attr: int actionButtonStyle
ustc.newsvideo.R$attr: int actionDropDownStyle
ustc.newsvideo.R$attr: int actionLayout
ustc.newsvideo.R$attr: int actionMenuTextAppearance
ustc.newsvideo.R$attr: int actionMenuTextColor
ustc.newsvideo.R$attr: int actionModeBackground
ustc.newsvideo.R$attr: int actionModeCloseButtonStyle
ustc.newsvideo.R$attr: int actionModeCloseDrawable
ustc.newsvideo.R$attr: int actionModeCopyDrawable
ustc.newsvideo.R$attr: int actionModeCutDrawable
ustc.newsvideo.R$attr: int actionModeFindDrawable
ustc.newsvideo.R$attr: int actionModePasteDrawable
ustc.newsvideo.R$attr: int actionModePopupWindowStyle
ustc.newsvideo.R$attr: int actionModeSelectAllDrawable
ustc.newsvideo.R$attr: int actionModeShareDrawable
ustc.newsvideo.R$attr: int actionModeSplitBackground
ustc.newsvideo.R$attr: int actionModeStyle
ustc.newsvideo.R$attr: int actionModeWebSearchDrawable
ustc.newsvideo.R$attr: int actionOverflowButtonStyle
ustc.newsvideo.R$attr: int actionProviderClass
ustc.newsvideo.R$attr: int actionViewClass
ustc.newsvideo.R$bool: int abc_action_bar_embed_tabs_pre_jb
ustc.newsvideo.R$bool: int abc_action_bar_expanded_action_views_exclusive
ustc.newsvideo.R$bool: int abc_config_actionMenuItemAllCaps
ustc.newsvideo.R$bool: int abc_config_allowActionMenuItemTextWithIcon
ustc.newsvideo.R$bool: int abc_config_showMenuShortcutsWhenKeyboardPresent
ustc.newsvideo.R$bool: int abc_split_action_bar_is_narrow
ustc.newsvideo.R$color: int abc_search_url_text_holo
ustc.newsvideo.R$color: int abc_search_url_text_normal
ustc.newsvideo.R$color: int abc_search_url_text_pressed
ustc.newsvideo.R$color: int abc_search_url_text_selected
ustc.newsvideo.R$color: int dark_tangerine
ustc.newsvideo.R$color: int light_tangerine
ustc.newsvideo.R$color: int list_normal_background
ustc.newsvideo.R$color: int list_selected_background
ustc.newsvideo.R$color: int mediacontroller_bg
ustc.newsvideo.R$color: int mediacontroller_bg_pressed
ustc.newsvideo.R$color: int tansparent
ustc.newsvideo.R$color: int transparent
ustc.newsvideo.R$color: int white
...
android.support.v7.appcompat.R$bool: int abc_action_bar_embed_tabs_pre_jb
android.support.v7.appcompat.R$bool: int abc_action_bar_expanded_action_views_exclusive
android.support.v7.appcompat.R$bool: int abc_config_actionMenuItemAllCaps
android.support.v7.appcompat.R$bool: int abc_config_allowActionMenuItemTextWithIcon
android.support.v7.appcompat.R$bool: int abc_config_showMenuShortcutsWhenKeyboardPresent
android.support.v7.appcompat.R$bool: int abc_split_action_bar_is_narrow
android.support.v7.appcompat.R$color: int abc_search_url_text_holo
android.support.v7.appcompat.R$color: int abc_search_url_text_normal
android.support.v7.appcompat.R$color: int abc_search_url_text_pressed
android.support.v7.appcompat.R$color: int abc_search_url_text_selected
android.support.v7.appcompat.R$dimen: int abc_action_bar_default_height
android.support.v7.appcompat.R$dimen: int abc_action_bar_icon_vertical_padding
android.support.v7.appcompat.R$dimen: int abc_action_bar_stacked_max_height
android.support.v7.appcompat.R$dimen: int abc_action_bar_stacked_tab_max_width
android.support.v7.appcompat.R$dimen: int abc_action_bar_subtitle_bottom_margin
android.support.v7.appcompat.R$dimen: int abc_action_bar_subtitle_text_size
android.support.v7.appcompat.R$dimen: int abc_action_bar_subtitle_top_margin
android.support.v7.appcompat.R$dimen: int abc_action_bar_title_text_size
android.support.v7.appcompat.R$dimen: int abc_action_button_min_width
android.support.v7.appcompat.R$dimen: int abc_config_prefDialogWidth
android.support.v7.appcompat.R$dimen: int abc_dropdownitem_icon_width
android.support.v7.appcompat.R$dimen: int abc_dropdownitem_text_padding_left
android.support.v7.appcompat.R$dimen: int abc_dropdownitem_text_padding_right
android.support.v7.appcompat.R$dimen: int abc_panel_menu_list_width
android.support.v7.appcompat.R$dimen: int abc_search_view_preferred_width
android.support.v7.appcompat.R$dimen: int abc_search_view_text_min_width
android.support.v7.appcompat.R$drawable: int abc_ab_bottom_solid_dark_holo
android.support.v7.appcompat.R$drawable: int abc_ab_bottom_solid_light_holo
android.support.v7.appcompat.R$drawable: int abc_ab_bottom_transparent_dark_holo
android.support.v7.appcompat.R$drawable: int abc_ab_bottom_transparent_light_holo
android.support.v7.appcompat.R$drawable: int abc_ab_share_pack_holo_dark
android.support.v7.appcompat.R$drawable: int abc_ab_share_pack_holo_light
android.support.v7.appcompat.R$drawable: int abc_ab_solid_dark_holo
android.support.v7.appcompat.R$drawable: int abc_ab_solid_light_holo
android.support.v7.appcompat.R$drawable: int abc_ab_stacked_solid_dark_holo
android.support.v7.appcompat.R$drawable: int abc_ab_stacked_solid_light_holo
android.support.v7.appcompat.R$drawable: int abc_ab_stacked_transparent_dark_holo
android.support.v7.appcompat.R$drawable: int abc_ab_stacked_transparent_light_holo
android.support.v7.appcompat.R$drawable: int abc_ab_transparent_dark_holo
android.support.v7.appcompat.R$drawable: int abc_ab_transparent_light_holo
android.support.v7.appcompat.R$drawable: int abc_cab_background_bottom_holo_dark
android.support.v7.appcompat.R$drawable: int abc_cab_background_bottom_holo_light
android.support.v7.appcompat.R$drawable: int abc_cab_background_top_holo_dark
android.support.v7.appcompat.R$drawable: int abc_cab_background_top_holo_light
android.support.v7.appcompat.R$drawable: int abc_ic_ab_back_holo_dark