proguard/mapping.txt
ustc.newsvideo.AudioPreset -> of:
    android.content.Context mContext -> a
    android.media.AudioManager mAudioManager -> b
    android.media.AudioManager$OnAudioFocusChangeListener afChangeListener -> c
    boolean requestVolumeControll() -> a
    android.media.AudioManager access$0(ustc.newsvideo.AudioPreset) -> a
    android.media.AudioManager$OnAudioFocusChangeListener access$1(ustc.newsvideo.AudioPreset) -> b
ustc.newsvideo.AudioPreset$1 -> og:
    ustc.newsvideo.AudioPreset this$0 -> a
    void onAudioFocusChange(int) -> onAudioFocusChange
ustc.newsvideo.CollectionPagerAdapter -> oh:
    java.util.ArrayList custom_category_values -> a
    java.util.ArrayList custom_category_entries -> b
    android.support.v4.app.Fragment getItem(int) -> a
    int getCount() -> b
    java.lang.CharSequence getPageTitle(int) -> b
ustc.newsvideo.ContentFragment -> oi:
    java.lang.String mtype -> P
    java.util.List newsInfoList -> Q
    me.maxwin.view.XListView mListView -> R
    ustc.bitmap.imagecache.ImageFetcher mImageFetcher -> S
    int screenHeight -> T
    ustc.newsvideo.ContentFragment$NewsAdapter mNewsAdapter -> U
    void onCreate(android.os.Bundle) -> d
    android.view.View onCreateView(android.view.LayoutInflater,android.view.ViewGroup,android.os.Bundle) -> a
    void onActivityCreated(android.os.Bundle) -> e
    void playCurrent(int,java.lang.String) -> a
    void playNewsVideo(ustc.newsvideo.data.parser.NewsInfo,java.lang.String) -> a
    java.util.List access$0(ustc.newsvideo.ContentFragment) -> a
    me.maxwin.view.XListView access$1(ustc.newsvideo.ContentFragment) -> b
    ustc.newsvideo.ContentFragment$NewsAdapter access$2(ustc.newsvideo.ContentFragment) -> c
    int access$3(ustc.newsvideo.ContentFragment) -> d
    ustc.bitmap.imagecache.ImageFetcher access$4(ustc.newsvideo.ContentFragment) -> e
    void access$5(ustc.newsvideo.ContentFragment,int,java.lang.String) -> a
    java.lang.String access$6(ustc.newsvideo.ContentFragment) -> f
ustc.newsvideo.ContentFragment$1 -> oj:
    ustc.newsvideo.ContentFragment this$0 -> a
    void onRefresh() -> a
    void onLoadMore() -> b
ustc.newsvideo.ContentFragment$GetNewsInfo -> ok:
    java.lang.String operation -> b
    ustc.newsvideo.ContentFragment this$0 -> a
    void onPreExecute() -> onPreExecute
    java.util.List doInBackground(java.lang.String[]) -> a
    void onPostExecute(java.util.List) -> a
    void onPostExecute(java.lang.Object) -> onPostExecute
    java.lang.Object doInBackground(java.lang.Object[]) -> doInBackground
ustc.newsvideo.ContentFragment$NewsAdapter -> ol:
    java.util.List newsArray -> b
    int selectedIndex -> c
    ustc.newsvideo.ContentFragment this$0 -> a
    void setSelectedIndex(int) -> a
    int getSelectedIndex() -> a
    int getCount() -> getCount
    java.lang.Object getItem(int) -> getItem
    long getItemId(int) -> getItemId
    android.view.View getView(int,android.view.View,android.view.ViewGroup) -> getView
    ustc.newsvideo.ContentFragment access$0(ustc.newsvideo.ContentFragment$NewsAdapter) -> a
ustc.newsvideo.ContentFragment$NewsAdapter$1 -> om:
    ustc.newsvideo.ContentFragment$NewsAdapter this$1 -> a
    int val$position -> b
    void onClick(android.view.View) -> onClick
...
android.support.v7.widget.SearchView$2 -> mj:
    android.support.v7.widget.SearchView this$0 -> a
    void run() -> run
android.support.v7.widget.SearchView$3 -> mk:
    android.support.v7.widget.SearchView this$0 -> a
    void run() -> run
android.support.v7.widget.SearchView$4 -> ml:
    android.support.v7.widget.SearchView this$0 -> a
    void onFocusChange(android.view.View,boolean) -> onFocusChange
android.support.v7.widget.SearchView$5 -> mm:
    android.support.v7.widget.SearchView this$0 -> a
    void onLayoutChange(android.view.View,int,int,int,int,int,int,int,int) -> onLayoutChange
android.support.v7.widget.SearchView$6 -> mn:
    android.support.v7.widget.SearchView this$0 -> a
    void onGlobalLayout() -> onGlobalLayout
android.support.v7.widget.SearchView$7 -> mo:
    android.support.v7.widget.SearchView this$0 -> a
    void onClick(android.view.View) -> onClick
android.support.v7.widget.SearchView$8 -> mp:
    android.support.v7.widget.SearchView this$0 -> a
    boolean onKey(android.view.View,int,android.view.KeyEvent) -> onKey
android.support.v7.widget.SearchView$9 -> mq:
    android.support.v7.widget.SearchView this$0 -> a
    boolean onEditorAction(android.widget.TextView,int,android.view.KeyEvent) -> onEditorAction
android.support.v7.widget.SearchView$AutoCompleteTextViewReflector -> mr:
    java.lang.reflect.Method doBeforeTextChanged -> a
    java.lang.reflect.Method doAfterTextChanged -> b
    java.lang.reflect.Method ensureImeVisible -> c
    java.lang.reflect.Method showSoftInputUnchecked -> d
    void doBeforeTextChanged(android.widget.AutoCompleteTextView) -> a
    void doAfterTextChanged(android.widget.AutoCompleteTextView) -> b
    void ensureImeVisible(android.widget.AutoCompleteTextView,boolean) -> a
    void showSoftInputUnchecked(android.view.inputmethod.InputMethodManager,android.view.View,int) -> a
android.support.v7.widget.SearchView$OnCloseListener -> ms:
    boolean onClose() -> a
android.support.v7.widget.SearchView$OnQueryTextListener -> mt:
    boolean onQueryTextSubmit(java.lang.String) -> a
    boolean onQueryTextChange(java.lang.String) -> b
android.support.v7.widget.SearchView$OnSuggestionListener -> mu:
    boolean onSuggestionSelect(int) -> a
    boolean onSuggestionClick(int) -> b
android.support.v7.widget.SearchView$SearchAutoComplete -> android.support.v7.widget.SearchView$SearchAutoComplete:
    int mThreshold -> a
    android.support.v7.widget.SearchView mSearchView -> b
    void setSearchView(android.support.v7.widget.SearchView) -> setSearchView
    void setThreshold(int) -> setThreshold
    boolean isEmpty() -> a
    void replaceText(java.lang.CharSequence) -> replaceText
    void performCompletion() -> performCompletion
    void onWindowFocusChanged(boolean) -> onWindowFocusChanged
    void onFocusChanged(boolean,int,android.graphics.Rect) -> onFocusChanged
    boolean enoughToFilter() -> enoughToFilter
    boolean onKeyPreIme(int,android.view.KeyEvent) -> onKeyPreIme
    boolean access$1600(android.support.v7.widget.SearchView$SearchAutoComplete) -> a