proguard/usage.txt
ustc.newsvideo.BuildConfig
ustc.newsvideo.CollectionPagerAdapter:
    24:26:public CollectionPagerAdapter(android.support.v4.app.FragmentManager)
ustc.newsvideo.ContentFragment:
    public static final java.lang.String ARG_CONTENT
ustc.newsvideo.MainActivity:
    private static final java.lang.String IMAGE_CACHE_DIR
ustc.newsvideo.PlayerActivity:
    private static final java.lang.String IMAGE_CACHE_DIR
ustc.newsvideo.PlayerActivity$3:
    191:191:public void toggleRelatedButton()
ustc.newsvideo.R
ustc.newsvideo.R$anim
ustc.newsvideo.R$array
ustc.newsvideo.R$attr
ustc.newsvideo.R$bool
ustc.newsvideo.R$color
ustc.newsvideo.R$dimen
ustc.newsvideo.R$drawable
ustc.newsvideo.R$id
ustc.newsvideo.R$integer
ustc.newsvideo.R$layout
ustc.newsvideo.R$menu
ustc.newsvideo.R$raw
ustc.newsvideo.R$string
ustc.newsvideo.R$style
ustc.newsvideo.R$styleable
ustc.newsvideo.R$xml
ustc.newsvideo.data.Constant:
    6:6:public Constant()
ustc.newsvideo.data.parser.NewsInfo:
    22:22:public java.lang.String getUrl()
    27:27:public java.lang.String getDuration()
    30:30:public java.lang.String getmType()
ustc.newsvideo.data.parser.NewsInfoParser:
    11:11:public NewsInfoParser()
ustc.newsvideo.data.parser.VideoInfoParser:
    11:11:public VideoInfoParser()
ustc.newsvideo.search.MySuggestionProvider:
    public static final java.lang.String AUTHORITY
    public static final int MODE
ustc.newsvideo.search.SearchActivity:
    private ustc.newsvideo.data.parser.NewsInfo playingNews
    private static final java.lang.String IMAGE_CACHE_DIR
ustc.newsvideo.search.SearchFragment:
    public static final java.lang.String ARG_KEYWORDS
    269:270:public void setOnSearchItemClickListener(ustc.newsvideo.search.SearchFragment$OnSearchListItemClick)
ustc.newsvideo.search.SearchFragment$NewsAdapter:
    193:193:public int getSelectedIndex()
ustc.newsvideo.search.SearchFragment$OnSearchListItemClick:
    public abstract void OnItemClick(ustc.newsvideo.data.parser.NewsInfo)
...
android.support.v4.app.LoaderManagerImpl:
    static final java.lang.String TAG
    boolean mRetainingStarted
    boolean mCreatingLoader
    489:492:private android.support.v4.app.LoaderManagerImpl$LoaderInfo createLoader(int,android.os.Bundle,android.support.v4.app.LoaderManager$LoaderCallbacks)
    498:503:private android.support.v4.app.LoaderManagerImpl$LoaderInfo createAndInstallLoader(int,android.os.Bundle,android.support.v4.app.LoaderManager$LoaderCallbacks)
    508:515:void installLoader(android.support.v4.app.LoaderManagerImpl$LoaderInfo)
    543:565:public android.support.v4.content.Loader initLoader(int,android.os.Bundle,android.support.v4.app.LoaderManager$LoaderCallbacks)
    593:647:public android.support.v4.content.Loader restartLoader(int,android.os.Bundle,android.support.v4.app.LoaderManager$LoaderCallbacks)
    658:678:public void destroyLoader(int)
    686:697:public android.support.v4.content.Loader getLoader(int)
android.support.v4.app.LoaderManagerImpl$LoaderInfo:
    228:232:public LoaderManagerImpl$LoaderInfo(android.support.v4.app.LoaderManagerImpl,int,android.os.Bundle,android.support.v4.app.LoaderManager$LoaderCallbacks)
    362:415:public void onLoadComplete(android.support.v4.content.Loader,java.lang.Object)
android.support.v4.app.NavUtils:
    private static final java.lang.String TAG
    public static final java.lang.String PARENT_ACTIVITY
    174:185:public static void navigateUpFromSameTask(android.app.Activity)
    230:240:public static android.content.Intent getParentActivityIntent(android.content.Context,java.lang.Class)
    304:305:private NavUtils()
android.support.v4.app.NavUtilsJB:
    23:23:NavUtilsJB()
android.support.v4.app.NotificationCompat
android.support.v4.app.NotificationCompat$Action
android.support.v4.app.NotificationCompat$BigPictureStyle
android.support.v4.app.NotificationCompat$BigTextStyle
android.support.v4.app.NotificationCompat$Builder
android.support.v4.app.NotificationCompat$InboxStyle
android.support.v4.app.NotificationCompat$NotificationCompatImpl
android.support.v4.app.NotificationCompat$NotificationCompatImplBase
android.support.v4.app.NotificationCompat$NotificationCompatImplHoneycomb
android.support.v4.app.NotificationCompat$NotificationCompatImplIceCreamSandwich
android.support.v4.app.NotificationCompat$NotificationCompatImplJellybean
android.support.v4.app.NotificationCompat$Style
android.support.v4.app.NotificationCompatHoneycomb
android.support.v4.app.NotificationCompatIceCreamSandwich
android.support.v4.app.NotificationCompatJellybean
android.support.v4.app.ServiceCompat
android.support.v4.app.ShareCompat
android.support.v4.app.ShareCompat$IntentBuilder
android.support.v4.app.ShareCompat$IntentReader
android.support.v4.app.ShareCompat$ShareCompatImpl
android.support.v4.app.ShareCompat$ShareCompatImplBase
android.support.v4.app.ShareCompat$ShareCompatImplICS
android.support.v4.app.ShareCompat$ShareCompatImplJB
android.support.v4.app.ShareCompatICS
android.support.v4.app.ShareCompatJB
android.support.v4.app.TaskStackBuilder:
    private static final java.lang.String TAG
    150:150:public static android.support.v4.app.TaskStackBuilder from(android.content.Context)
    178:186:public android.support.v4.app.TaskStackBuilder addNextIntentWithParentStack(android.content.Intent)
    226:226:public android.support.v4.app.TaskStackBuilder addParentStack(java.lang.Class)
    256:256:public int getIntentCount()
    270:270:public android.content.Intent getIntent(int)
    282:282:public android.content.Intent editIntentAt(int)
    344:344:public android.app.PendingIntent getPendingIntent(int,int)
    361:371:public android.app.PendingIntent getPendingIntent(int,int,android.os.Bundle)
    382:391:public android.content.Intent[] getIntents()
android.support.v4.app.TaskStackBuilder$TaskStackBuilderImpl:
    public abstract android.app.PendingIntent getPendingIntent(android.content.Context,android.content.Intent[],int,int,android.os.Bundle)